<?xml version="1.0" encoding="UTF-8"?>
<testsuites name="LOGIN" time="62.968" tests="5" failures="0" errors="0">
   <testsuite name="LOGIN" tests="5" failures="0" errors="0" time="62.968" skipped="0" timestamp="22-05-2025T23:26:14" hostname="user - localhost" id="Test Suites/LOGIN">
      <properties>
[...]
</properties>
      <testcase name="Test Cases/Login/TC_LOGIN_01" time="13.11" classname="Test Cases/Login/TC_LOGIN_01" status="PASSED">
         <system-out><![CDATA[22-05-2025T23:26:14 - [TEST_CASE][PASSED] - Test Cases/Login/TC_LOGIN_01: Test Cases/Login/TC_LOGIN_01

22-05-2025T23:26:14 - [TEST_STEP][PASSED] - openBrowser(""): Browser is opened with url: ''

22-05-2025T23:26:14 - [MESSAGE][INFO] - Starting 'Chrome' driver

22-05-2025T23:26:14 - [MESSAGE][INFO] - Action delay is set to 0 milliseconds

22-05-2025T23:26:17 - [MESSAGE][PASSED] - Browser is opened with url: ''

22-05-2025T23:26:17 - [TEST_STEP][PASSED] - navigateToUrl(baseUrl): Navigate to 'https://katalon-demo-cura.herokuapp.com' successfully

22-05-2025T23:26:20 - [MESSAGE][PASSED] - Navigate to 'https://katalon-demo-cura.herokuapp.com' successfully

22-05-2025T23:26:20 - [TEST_STEP][PASSED] - click(findTestObject("LoginPage/IconMenu")): Object: 'Object Repository/LoginPage/IconMenu' is clicked on

22-05-2025T23:26:21 - [MESSAGE][PASSED] - Object: 'Object Repository/LoginPage/IconMenu' is clicked on

22-05-2025T23:26:21 - [TEST_STEP][PASSED] - click(findTestObject("LoginPage/LoginButton")): Object: 'Object Repository/LoginPage/LoginButton' is clicked on

22-05-2025T23:26:21 - [MESSAGE][PASSED] - Object: 'Object Repository/LoginPage/LoginButton' is clicked on

22-05-2025T23:26:21 - [TEST_STEP][PASSED] - testData = findTestData("TestData1"): null

22-05-2025T23:26:21 - [TEST_STEP][PASSED] - username = testData.getValue("username", 1): null

22-05-2025T23:26:21 - [TEST_STEP][PASSED] - password = testData.getValue("password", 1): null

22-05-2025T23:26:21 - [TEST_STEP][PASSED] - setText(findTestObject("LoginPage/UsernameField"), username): Text 'John Doe' is set on object 'Object Repository/LoginPage/UsernameField'

22-05-2025T23:26:22 - [MESSAGE][PASSED] - Text 'John Doe' is set on object 'Object Repository/LoginPage/UsernameField'

22-05-2025T23:26:22 - [TEST_STEP][PASSED] - setText(findTestObject("LoginPage/PasswordField"), password): Text 'ThisIsNotAPassword' is set on object 'Object Repository/LoginPage/PasswordField'

22-05-2025T23:26:23 - [MESSAGE][PASSED] - Text 'ThisIsNotAPassword' is set on object 'Object Repository/LoginPage/PasswordField'

22-05-2025T23:26:23 - [TEST_STEP][PASSED] - click(findTestObject("LoginPage/LoginSubmitButton")): Object: 'Object Repository/LoginPage/LoginSubmitButton' is clicked on

22-05-2025T23:26:24 - [MESSAGE][PASSED] - Object: 'Object Repository/LoginPage/LoginSubmitButton' is clicked on

22-05-2025T23:26:24 - [TEST_STEP][PASSED] - verifyElementPresent(findTestObject("AppointmentPage/ApplyButton"), 5): Object 'Object Repository/AppointmentPage/ApplyButton' is present

22-05-2025T23:26:24 - [MESSAGE][PASSED] - Object 'Object Repository/AppointmentPage/ApplyButton' is present

22-05-2025T23:26:24 - [TEST_STEP][PASSED] - takeFullPageScreenshot(): Taking screenshot successfully

22-05-2025T23:26:26 - [MESSAGE][INFO] - 0 hidden object(s)

22-05-2025T23:26:27 - [MESSAGE][PASSED] - Taking screenshot successfully
[[ATTACHMENT|/Users/user/Documents/Test Automation/Katalon/SampleProject/Reports/20250522_232609/LOGIN/20250522_232609/1747931184744.png]]]]></system-out>
         <system-err><![CDATA[]]></system-err>
      </testcase>
      <testcase name="Test Cases/Login/TC_LOGIN_02" time="13.885" classname="Test Cases/Login/TC_LOGIN_02" status="PASSED">
         <system-out><![CDATA[22-05-2025T23:26:27 - [TEST_CASE][PASSED] - Test Cases/Login/TC_LOGIN_02: Test Cases/Login/TC_LOGIN_02

22-05-2025T23:26:27 - [TEST_STEP][PASSED] - openBrowser(""): Browser is opened with url: ''

22-05-2025T23:26:27 - [MESSAGE][WARNING] - A browser is already opened. Closing browser and opening a new one

22-05-2025T23:26:27 - [MESSAGE][INFO] - Starting 'Chrome' driver

22-05-2025T23:26:27 - [MESSAGE][INFO] - Action delay is set to 0 milliseconds

22-05-2025T23:26:29 - [MESSAGE][PASSED] - Browser is opened with url: ''

22-05-2025T23:26:29 - [TEST_STEP][PASSED] - navigateToUrl(baseUrl): Navigate to 'https://katalon-demo-cura.herokuapp.com' successfully

22-05-2025T23:26:34 - [MESSAGE][PASSED] - Navigate to 'https://katalon-demo-cura.herokuapp.com' successfully

22-05-2025T23:26:34 - [TEST_STEP][PASSED] - click(findTestObject("LoginPage/IconMenu")): Object: 'Object Repository/LoginPage/IconMenu' is clicked on

22-05-2025T23:26:35 - [MESSAGE][PASSED] - Object: 'Object Repository/LoginPage/IconMenu' is clicked on

22-05-2025T23:26:35 - [TEST_STEP][PASSED] - click(findTestObject("LoginPage/LoginButton")): Object: 'Object Repository/LoginPage/LoginButton' is clicked on

22-05-2025T23:26:36 - [MESSAGE][PASSED] - Object: 'Object Repository/LoginPage/LoginButton' is clicked on

22-05-2025T23:26:36 - [TEST_STEP][PASSED] - testData = findTestData("TestData1"): null

22-05-2025T23:26:36 - [TEST_STEP][PASSED] - username = testData.getValue("username", 2): null

22-05-2025T23:26:36 - [TEST_STEP][PASSED] - password = testData.getValue("password", 2): null

22-05-2025T23:26:36 - [TEST_STEP][PASSED] - setText(findTestObject("LoginPage/UsernameField"), username): Text 'JohnDoe' is set on object 'Object Repository/LoginPage/UsernameField'

22-05-2025T23:26:36 - [MESSAGE][PASSED] - Text 'JohnDoe' is set on object 'Object Repository/LoginPage/UsernameField'

22-05-2025T23:26:36 - [TEST_STEP][PASSED] - setText(findTestObject("LoginPage/PasswordField"), password): Text 'ThisIsNotAPassword' is set on object 'Object Repository/LoginPage/PasswordField'

22-05-2025T23:26:37 - [MESSAGE][PASSED] - Text 'ThisIsNotAPassword' is set on object 'Object Repository/LoginPage/PasswordField'

22-05-2025T23:26:37 - [TEST_STEP][PASSED] - click(findTestObject("LoginPage/LoginSubmitButton")): Object: 'Object Repository/LoginPage/LoginSubmitButton' is clicked on

22-05-2025T23:26:38 - [MESSAGE][PASSED] - Object: 'Object Repository/LoginPage/LoginSubmitButton' is clicked on

22-05-2025T23:26:38 - [TEST_STEP][PASSED] - verifyElementText(findTestObject("LoginPage/ErrorMessage"), "Login failed! Please ensure the username and password are valid."): Actual text and expected text of test object 'Object Repository/LoginPage/ErrorMessage' are matched.

22-05-2025T23:26:39 - [MESSAGE][PASSED] - Actual text and expected text of test object 'Object Repository/LoginPage/ErrorMessage' are matched.

22-05-2025T23:26:39 - [TEST_STEP][PASSED] - takeFullPageScreenshot(): Taking screenshot successfully

22-05-2025T23:26:40 - [MESSAGE][INFO] - 0 hidden object(s)

22-05-2025T23:26:41 - [MESSAGE][PASSED] - Taking screenshot successfully
[[ATTACHMENT|/Users/user/Documents/Test Automation/Katalon/SampleProject/Reports/20250522_232609/LOGIN/20250522_232609/1747931199073.png]]]]></system-out>
         <system-err><![CDATA[]]></system-err>
      </testcase>
      <testcase name="Test Cases/Login/TC_LOGIN_03" time="11.442" classname="Test Cases/Login/TC_LOGIN_03" status="PASSED">
         <system-out><![CDATA[22-05-2025T23:26:41 - [TEST_CASE][PASSED] - Test Cases/Login/TC_LOGIN_03: Test Cases/Login/TC_LOGIN_03

22-05-2025T23:26:41 - [TEST_STEP][PASSED] - openBrowser(""): Browser is opened with url: ''

22-05-2025T23:26:41 - [MESSAGE][WARNING] - A browser is already opened. Closing browser and opening a new one

22-05-2025T23:26:41 - [MESSAGE][INFO] - Starting 'Chrome' driver

22-05-2025T23:26:41 - [MESSAGE][INFO] - Action delay is set to 0 milliseconds

22-05-2025T23:26:43 - [MESSAGE][PASSED] - Browser is opened with url: ''

22-05-2025T23:26:43 - [TEST_STEP][PASSED] - navigateToUrl(baseUrl): Navigate to 'https://katalon-demo-cura.herokuapp.com' successfully

22-05-2025T23:26:47 - [MESSAGE][PASSED] - Navigate to 'https://katalon-demo-cura.herokuapp.com' successfully

22-05-2025T23:26:47 - [TEST_STEP][PASSED] - click(findTestObject("LoginPage/IconMenu")): Object: 'Object Repository/LoginPage/IconMenu' is clicked on

22-05-2025T23:26:47 - [MESSAGE][PASSED] - Object: 'Object Repository/LoginPage/IconMenu' is clicked on

22-05-2025T23:26:47 - [TEST_STEP][PASSED] - click(findTestObject("LoginPage/LoginButton")): Object: 'Object Repository/LoginPage/LoginButton' is clicked on

22-05-2025T23:26:48 - [MESSAGE][PASSED] - Object: 'Object Repository/LoginPage/LoginButton' is clicked on

22-05-2025T23:26:48 - [TEST_STEP][PASSED] - click(findTestObject("LoginPage/LoginSubmitButton")): Object: 'Object Repository/LoginPage/LoginSubmitButton' is clicked on

22-05-2025T23:26:49 - [MESSAGE][PASSED] - Object: 'Object Repository/LoginPage/LoginSubmitButton' is clicked on

22-05-2025T23:26:49 - [TEST_STEP][PASSED] - verifyElementText(findTestObject("LoginPage/ErrorMessage"), "Login failed! Please ensure the username and password are valid."): Actual text and expected text of test object 'Object Repository/LoginPage/ErrorMessage' are matched.

22-05-2025T23:26:50 - [MESSAGE][PASSED] - Actual text and expected text of test object 'Object Repository/LoginPage/ErrorMessage' are matched.

22-05-2025T23:26:50 - [TEST_STEP][PASSED] - takeFullPageScreenshot(): Taking screenshot successfully

22-05-2025T23:26:52 - [MESSAGE][INFO] - 0 hidden object(s)

22-05-2025T23:26:52 - [MESSAGE][PASSED] - Taking screenshot successfully
[[ATTACHMENT|/Users/user/Documents/Test Automation/Katalon/SampleProject/Reports/20250522_232609/LOGIN/20250522_232609/1747931210563.png]]]]></system-out>
         <system-err><![CDATA[]]></system-err>
      </testcase>
      <testcase name="Test Cases/Login/TC_LOGIN_04" time="12.914" classname="Test Cases/Login/TC_LOGIN_04" status="PASSED">
         <system-out><![CDATA[22-05-2025T23:26:52 - [TEST_CASE][PASSED] - Test Cases/Login/TC_LOGIN_04: Test Cases/Login/TC_LOGIN_04

22-05-2025T23:26:52 - [TEST_STEP][PASSED] - openBrowser(""): Browser is opened with url: ''

22-05-2025T23:26:52 - [MESSAGE][WARNING] - A browser is already opened. Closing browser and opening a new one

22-05-2025T23:26:53 - [MESSAGE][INFO] - Starting 'Chrome' driver

22-05-2025T23:26:53 - [MESSAGE][INFO] - Action delay is set to 0 milliseconds

22-05-2025T23:26:54 - [MESSAGE][PASSED] - Browser is opened with url: ''

22-05-2025T23:26:54 - [TEST_STEP][PASSED] - navigateToUrl(baseUrl): Navigate to 'https://katalon-demo-cura.herokuapp.com' successfully

22-05-2025T23:26:58 - [MESSAGE][PASSED] - Navigate to 'https://katalon-demo-cura.herokuapp.com' successfully

22-05-2025T23:26:58 - [TEST_STEP][PASSED] - click(findTestObject("LoginPage/IconMenu")): Object: 'Object Repository/LoginPage/IconMenu' is clicked on

22-05-2025T23:26:59 - [MESSAGE][PASSED] - Object: 'Object Repository/LoginPage/IconMenu' is clicked on

22-05-2025T23:26:59 - [TEST_STEP][PASSED] - click(findTestObject("LoginPage/LoginButton")): Object: 'Object Repository/LoginPage/LoginButton' is clicked on

22-05-2025T23:26:59 - [MESSAGE][PASSED] - Object: 'Object Repository/LoginPage/LoginButton' is clicked on

22-05-2025T23:26:59 - [TEST_STEP][PASSED] - testData = findTestData("TestData1"): null

22-05-2025T23:26:59 - [TEST_STEP][PASSED] - username = testData.getValue("username", 1): null

22-05-2025T23:26:59 - [TEST_STEP][PASSED] - password = testData.getValue("password", 1): null

22-05-2025T23:26:59 - [TEST_STEP][PASSED] - setText(findTestObject("LoginPage/UsernameField"), username): Text 'John Doe' is set on object 'Object Repository/LoginPage/UsernameField'

22-05-2025T23:27:00 - [MESSAGE][PASSED] - Text 'John Doe' is set on object 'Object Repository/LoginPage/UsernameField'

22-05-2025T23:27:00 - [TEST_STEP][PASSED] - setText(findTestObject("LoginPage/PasswordField"), password): Text 'ThisIsNotAPassword' is set on object 'Object Repository/LoginPage/PasswordField'

22-05-2025T23:27:01 - [MESSAGE][PASSED] - Text 'ThisIsNotAPassword' is set on object 'Object Repository/LoginPage/PasswordField'

22-05-2025T23:27:01 - [TEST_STEP][PASSED] - click(findTestObject("LoginPage/LoginSubmitButton")): Object: 'Object Repository/LoginPage/LoginSubmitButton' is clicked on

22-05-2025T23:27:02 - [MESSAGE][PASSED] - Object: 'Object Repository/LoginPage/LoginSubmitButton' is clicked on

22-05-2025T23:27:02 - [TEST_STEP][PASSED] - verifyElementPresent(findTestObject("AppointmentPage/ApplyButton"), 5): Object 'Object Repository/AppointmentPage/ApplyButton' is present

22-05-2025T23:27:02 - [MESSAGE][PASSED] - Object 'Object Repository/AppointmentPage/ApplyButton' is present

22-05-2025T23:27:02 - [TEST_STEP][PASSED] - click(findTestObject("LoginPage/IconMenu")): Object: 'Object Repository/LoginPage/IconMenu' is clicked on

22-05-2025T23:27:02 - [MESSAGE][PASSED] - Object: 'Object Repository/LoginPage/IconMenu' is clicked on

22-05-2025T23:27:02 - [TEST_STEP][PASSED] - click(findTestObject("LoginPage/ClickLogout")): Object: 'Object Repository/LoginPage/ClickLogout' is clicked on

22-05-2025T23:27:03 - [MESSAGE][PASSED] - Object: 'Object Repository/LoginPage/ClickLogout' is clicked on

22-05-2025T23:27:03 - [TEST_STEP][PASSED] - takeFullPageScreenshot(): Taking screenshot successfully

22-05-2025T23:27:05 - [MESSAGE][INFO] - 0 hidden object(s)

22-05-2025T23:27:05 - [MESSAGE][PASSED] - Taking screenshot successfully
[[ATTACHMENT|/Users/user/Documents/Test Automation/Katalon/SampleProject/Reports/20250522_232609/LOGIN/20250522_232609/1747931223832.png]]]]></system-out>
         <system-err><![CDATA[]]></system-err>
      </testcase>
      <testcase name="Test Cases/Login/TC_LOGIN_05" time="11.196" classname="Test Cases/Login/TC_LOGIN_05" status="PASSED">
         <system-out><![CDATA[22-05-2025T23:27:05 - [TEST_CASE][PASSED] - Test Cases/Login/TC_LOGIN_05: Test Cases/Login/TC_LOGIN_05

22-05-2025T23:27:05 - [TEST_STEP][PASSED] - openBrowser(""): Browser is opened with url: ''

22-05-2025T23:27:05 - [MESSAGE][WARNING] - A browser is already opened. Closing browser and opening a new one

22-05-2025T23:27:05 - [MESSAGE][INFO] - Starting 'Chrome' driver

22-05-2025T23:27:05 - [MESSAGE][INFO] - Action delay is set to 0 milliseconds

22-05-2025T23:27:07 - [MESSAGE][PASSED] - Browser is opened with url: ''

22-05-2025T23:27:07 - [TEST_STEP][PASSED] - navigateToUrl(baseUrl): Navigate to 'https://katalon-demo-cura.herokuapp.com' successfully

22-05-2025T23:27:12 - [MESSAGE][PASSED] - Navigate to 'https://katalon-demo-cura.herokuapp.com' successfully

22-05-2025T23:27:12 - [TEST_STEP][PASSED] - click(findTestObject("LoginPage/IconMenu")): Object: 'Object Repository/LoginPage/IconMenu' is clicked on

22-05-2025T23:27:13 - [MESSAGE][PASSED] - Object: 'Object Repository/LoginPage/IconMenu' is clicked on

22-05-2025T23:27:13 - [TEST_STEP][PASSED] - click(findTestObject("LoginPage/MakeAppointment")): Object: 'Object Repository/LoginPage/MakeAppointment' is clicked on

22-05-2025T23:27:14 - [MESSAGE][PASSED] - Object: 'Object Repository/LoginPage/MakeAppointment' is clicked on

22-05-2025T23:27:14 - [TEST_STEP][PASSED] - verifyElementPresent(findTestObject("LoginPage/VerifyLoginPage"), 5): Object 'Object Repository/LoginPage/VerifyLoginPage' is present

22-05-2025T23:27:14 - [MESSAGE][PASSED] - Object 'Object Repository/LoginPage/VerifyLoginPage' is present

22-05-2025T23:27:14 - [TEST_STEP][PASSED] - takeFullPageScreenshot(): Taking screenshot successfully

22-05-2025T23:27:16 - [MESSAGE][INFO] - 0 hidden object(s)

22-05-2025T23:27:16 - [MESSAGE][PASSED] - Taking screenshot successfully
[[ATTACHMENT|/Users/user/Documents/Test Automation/Katalon/SampleProject/Reports/20250522_232609/LOGIN/20250522_232609/1747931234661.png]]]]></system-out>
         <system-err><![CDATA[]]></system-err>
      </testcase>
      <system-out><![CDATA[22-05-2025T23:26:14 - [TEST_SUITE][PASSED] - LOGIN: Test Cases/Login/TC_LOGIN_05]]></system-out>
      <system-err><![CDATA[]]></system-err>
   </testsuite>
</testsuites>
